#
# There is insufficient memory for the Java Runtime Environment to continue.
# Native memory allocation (malloc) failed to allocate 700656 bytes for Chunk::new
# Possible reasons:
#   The system is out of physical RAM or swap space
#   The process is running with CompressedOops enabled, and the Java Heap may be blocking the growth of the native heap
# Possible solutions:
#   Reduce memory load on the system
#   Increase physical memory or swap space
#   Check if swap backing store is full
#   Decrease Java heap size (-Xmx/-Xms)
#   Decrease number of Java threads
#   Decrease Java thread stack sizes (-Xss)
#   Set larger code cache with -XX:ReservedCodeCacheSize=
#   JVM is running with Unscaled Compressed Oops mode in which the Java heap is
#     placed in the first 4GB address space. The Java Heap base address is the
#     maximum limit for the native heap growth. Please use -XX:HeapBaseMinAddress
#     to set the Java Heap base and to place the Java Heap above 4GB virtual address.
# This output file may be truncated or incomplete.
#
#  Out of Memory Error (arena.cpp:189), pid=10860, tid=24820
#
# JRE version: OpenJDK Runtime Environment Temurin-17.0.5+8 (17.0.5+8) (build 17.0.5+8)
# Java VM: OpenJDK 64-Bit Server VM Temurin-17.0.5+8 (17.0.5+8, mixed mode, tiered, compressed oops, compressed class ptrs, parallel gc, windows-amd64)
# No core dump will be written. Minidumps are not enabled by default on client versions of Windows
#

---------------  S U M M A R Y ------------

Command Line: --add-modules=ALL-SYSTEM --add-opens=java.base/java.util=ALL-UNNAMED --add-opens=java.base/java.lang=ALL-UNNAMED --add-opens=java.base/sun.nio.fs=ALL-UNNAMED -Declipse.application=org.eclipse.jdt.ls.core.id1 -Dosgi.bundles.defaultStartLevel=4 -Declipse.product=org.eclipse.jdt.ls.core.product -Djava.import.generatesMetadataFilesAtProjectRoot=false -Dfile.encoding=utf8 -XX:+UseParallelGC -XX:GCTimeRatio=4 -XX:AdaptiveSizePolicyWeight=90 -Dsun.zip.disableMemoryMapping=true -Xmx1G -Xms100m -Xlog:disable -javaagent:c:\Users\Zakwa\.vscode\extensions\redhat.java-1.14.0-win32-x64\lombok\lombok-1.18.24.jar c:\Users\Zakwa\.vscode\extensions\redhat.java-1.14.0-win32-x64\server\plugins\org.eclipse.equinox.launcher_1.6.400.v20210924-0641.jar -configuration c:\Users\Zakwa\AppData\Roaming\Code\User\globalStorage\redhat.java\1.14.0\config_ss_win -data c:\Users\Zakwa\AppData\Roaming\Code\User\workspaceStorage\e5cb3e9e8c8a4be622da22b1270d3149\redhat.java\ss_ws

Host: Intel(R) Core(TM) i5-8265U CPU @ 1.60GHz, 8 cores, 7G,  Windows 11 , 64 bit Build 22621 (10.0.22621.1105)
Time: Sun Jan 22 10:19:31 2023 Malay Peninsula Standard Time elapsed time: 8.940127 seconds (0d 0h 0m 8s)

---------------  T H R E A D  ---------------

Current thread (0x000001d1fe63c080):  JavaThread "C2 CompilerThread0" daemon [_thread_in_native, id=24820, stack(0x000000928b500000,0x000000928b600000)]


Current CompileTask:
C2:   8940 2312       4       org.objectweb.asm.ClassReader::readMethod (1066 bytes)

Stack: [0x000000928b500000,0x000000928b600000]
Native frames: (J=compiled Java code, j=interpreted, Vv=VM code, C=native code)
V  [jvm.dll+0x676b3a]
V  [jvm.dll+0x831444]
V  [jvm.dll+0x832bee]
V  [jvm.dll+0x833253]
V  [jvm.dll+0x244ce5]
V  [jvm.dll+0xabbac]
V  [jvm.dll+0xac17c]
V  [jvm.dll+0x2abd2f]
V  [jvm.dll+0x57d517]
V  [jvm.dll+0x21fd72]
V  [jvm.dll+0x22014f]
V  [jvm.dll+0x2199a5]
V  [jvm.dll+0x216e6b]
V  [jvm.dll+0x1a343d]
V  [jvm.dll+0x22698a]
V  [jvm.dll+0x224ac5]
V  [jvm.dll+0x7e727b]
V  [jvm.dll+0x7e17ea]
V  [jvm.dll+0x6759e5]
C  [ucrtbase.dll+0x29363]
C  [KERNEL32.DLL+0x126bd]
C  [ntdll.dll+0x5dfb8]


---------------  P R O C E S S  ---------------

Threads class SMR info:
_java_thread_list=0x000001d180b66740, length=21, elements={
0x000001d1e6facbd0, 0x000001d1fcd73020, 0x000001d1fcd74540, 0x000001d1fe623410,
0x000001d1fcd7e390, 0x000001d1fe63af00, 0x000001d1fe63b7c0, 0x000001d1fe63c080,
0x000001d1fe6a2840, 0x000001d1fe6a5500, 0x000001d1fe722d40, 0x000001d1fe8a60f0,
0x000001d1ffd1f6f0, 0x000001d180978bd0, 0x000001d180979340, 0x000001d1fff9a7e0,
0x000001d1ff852500, 0x000001d180971250, 0x000001d1ffe05ce0, 0x000001d180a02550,
0x000001d180a03d60
}

Java Threads: ( => current thread )
  0x000001d1e6facbd0 JavaThread "main" [_thread_blocked, id=1040, stack(0x000000928ac00000,0x000000928ad00000)]
  0x000001d1fcd73020 JavaThread "Reference Handler" daemon [_thread_blocked, id=2996, stack(0x000000928af00000,0x000000928b000000)]
  0x000001d1fcd74540 JavaThread "Finalizer" daemon [_thread_blocked, id=7936, stack(0x000000928b000000,0x000000928b100000)]
  0x000001d1fe623410 JavaThread "Signal Dispatcher" daemon [_thread_blocked, id=1888, stack(0x000000928b100000,0x000000928b200000)]
  0x000001d1fcd7e390 JavaThread "Attach Listener" daemon [_thread_blocked, id=10968, stack(0x000000928b200000,0x000000928b300000)]
  0x000001d1fe63af00 JavaThread "Service Thread" daemon [_thread_blocked, id=23328, stack(0x000000928b300000,0x000000928b400000)]
  0x000001d1fe63b7c0 JavaThread "Monitor Deflation Thread" daemon [_thread_blocked, id=10208, stack(0x000000928b400000,0x000000928b500000)]
=>0x000001d1fe63c080 JavaThread "C2 CompilerThread0" daemon [_thread_in_native, id=24820, stack(0x000000928b500000,0x000000928b600000)]
  0x000001d1fe6a2840 JavaThread "C1 CompilerThread0" daemon [_thread_in_native, id=5964, stack(0x000000928b600000,0x000000928b700000)]
  0x000001d1fe6a5500 JavaThread "Sweeper thread" daemon [_thread_blocked, id=21036, stack(0x000000928b700000,0x000000928b800000)]
  0x000001d1fe722d40 JavaThread "Common-Cleaner" daemon [_thread_blocked, id=20112, stack(0x000000928b800000,0x000000928b900000)]
  0x000001d1fe8a60f0 JavaThread "Notification Thread" daemon [_thread_blocked, id=17172, stack(0x000000928b900000,0x000000928ba00000)]
  0x000001d1ffd1f6f0 JavaThread "Active Thread: Equinox Container: 375de824-270e-4f46-9b01-b954c1742a73" [_thread_blocked, id=24844, stack(0x000000928c100000,0x000000928c200000)]
  0x000001d180978bd0 JavaThread "Framework Event Dispatcher: Equinox Container: 375de824-270e-4f46-9b01-b954c1742a73" daemon [_thread_blocked, id=21836, stack(0x000000928c200000,0x000000928c300000)]
  0x000001d180979340 JavaThread "Start Level: Equinox Container: 375de824-270e-4f46-9b01-b954c1742a73" daemon [_thread_in_Java, id=12044, stack(0x000000928c300000,0x000000928c400000)]
  0x000001d1fff9a7e0 JavaThread "SCR Component Actor" daemon [_thread_blocked, id=11364, stack(0x000000928c400000,0x000000928c500000)]
  0x000001d1ff852500 JavaThread "SCR Component Registry" daemon [_thread_blocked, id=15508, stack(0x000000928c600000,0x000000928c700000)]
  0x000001d180971250 JavaThread "Worker-JM" [_thread_blocked, id=3292, stack(0x000000928c700000,0x000000928c800000)]
  0x000001d1ffe05ce0 JavaThread "Worker-0" [_thread_blocked, id=22332, stack(0x000000928c800000,0x000000928c900000)]
  0x000001d180a02550 JavaThread "Worker-1" [_thread_blocked, id=4164, stack(0x000000928c900000,0x000000928ca00000)]
  0x000001d180a03d60 JavaThread "Worker-2" [_thread_blocked, id=4556, stack(0x000000928ca00000,0x000000928cb00000)]

Other Threads:
  0x000001d1fe611580 VMThread "VM Thread" [stack: 0x000000928ae00000,0x000000928af00000] [id=10252]
  0x000001d1fe8a65c0 WatcherThread [stack: 0x000000928ba00000,0x000000928bb00000] [id=20652]
  0x000001d1e6fc0560 GCTaskThread "GC Thread#0" [stack: 0x000000928ad00000,0x000000928ae00000] [id=27496]
  0x000001d1ffadd1c0 GCTaskThread "GC Thread#1" [stack: 0x000000928bb00000,0x000000928bc00000] [id=4696]
  0x000001d1ffadd470 GCTaskThread "GC Thread#2" [stack: 0x000000928bc00000,0x000000928bd00000] [id=23584]
  0x000001d1ffadd720 GCTaskThread "GC Thread#3" [stack: 0x000000928bd00000,0x000000928be00000] [id=2580]
  0x000001d1ffcc4d00 GCTaskThread "GC Thread#4" [stack: 0x000000928be00000,0x000000928bf00000] [id=2892]
  0x000001d1ffcc4fb0 GCTaskThread "GC Thread#5" [stack: 0x000000928bf00000,0x000000928c000000] [id=7716]
  0x000001d1ffcc5260 GCTaskThread "GC Thread#6" [stack: 0x000000928c000000,0x000000928c100000] [id=3320]
  0x000001d1ffa73450 GCTaskThread "GC Thread#7" [stack: 0x000000928c500000,0x000000928c600000] [id=12544]

Threads with active compile tasks:
C2 CompilerThread0     9022 2312       4       org.objectweb.asm.ClassReader::readMethod (1066 bytes)
C1 CompilerThread0     9022 2400       3       java.lang.invoke.LambdaForm::useCount (61 bytes)

VM state: not at safepoint (normal execution)

VM Mutex/Monitor currently owned by a thread: None

Heap address: 0x00000000c0000000, size: 1024 MB, Compressed Oops mode: 32-bit

CDS archive(s) not mapped
Compressed class space mapped at: 0x0000000100000000-0x0000000140000000, reserved size: 1073741824
Narrow klass base: 0x0000000000000000, Narrow klass shift: 3, Narrow klass range: 0x140000000

GC Precious Log:
 CPUs: 8 total, 8 available
 Memory: 8042M
 Large Page Support: Disabled
 NUMA Support: Disabled
 Compressed Oops: Enabled (32-bit)
 Alignments: Space 512K, Generation 512K, Heap 2M
 Heap Min Capacity: 100M
 Heap Initial Capacity: 100M
 Heap Max Capacity: 1G
 Pre-touch: Disabled
 Parallel Workers: 8

Heap:
 PSYoungGen      total 25600K, used 22570K [0x00000000eab00000, 0x00000000ec880000, 0x0000000100000000)
  eden space 25088K, 88% used [0x00000000eab00000,0x00000000ec099028,0x00000000ec380000)
  from space 512K, 88% used [0x00000000ec400000,0x00000000ec4717f0,0x00000000ec480000)
  to   space 2560K, 0% used [0x00000000ec600000,0x00000000ec600000,0x00000000ec880000)
 ParOldGen       total 68608K, used 7344K [0x00000000c0000000, 0x00000000c4300000, 0x00000000eab00000)
  object space 68608K, 10% used [0x00000000c0000000,0x00000000c072c3f0,0x00000000c4300000)
 Metaspace       used 27020K, committed 27520K, reserved 1081344K
  class space    used 2599K, committed 2816K, reserved 1048576K

Card table byte_map: [0x000001d1fa5f0000,0x000001d1fa800000] _byte_map_base: 0x000001d1f9ff0000

Marking Bits: (ParMarkBitMap*) 0x00007ffa80a50dd0
 Begin Bits: [0x000001d1fa960000, 0x000001d1fb960000)
 End Bits:   [0x000001d1fb960000, 0x000001d1fc960000)

Polling page: 0x000001d1e7060000

Metaspace:

Usage:
  Non-class:     23.85 MB used.
      Class:      2.54 MB used.
       Both:     26.39 MB used.

Virtual space:
  Non-class space:       32.00 MB reserved,      24.12 MB ( 75%) committed,  4 nodes.
      Class space:        1.00 GB reserved,       2.75 MB ( <1%) committed,  1 nodes.
             Both:        1.03 GB reserved,      26.88 MB (  3%) committed. 

Chunk freelists:
   Non-Class:  3.56 MB
       Class:  1.07 MB
        Both:  4.64 MB

MaxMetaspaceSize: unlimited
CompressedClassSpaceSize: 1.00 GB
Initial GC threshold: 21.00 MB
Current GC threshold: 35.00 MB
CDS: off
MetaspaceReclaimPolicy: balanced
 - commit_granule_bytes: 65536.
 - commit_granule_words: 8192.
 - virtual_space_node_default_size: 1048576.
 - enlarge_chunks_in_place: 1.
 - new_chunks_are_fully_committed: 0.
 - uncommit_free_chunks: 1.
 - use_allocation_guard: 0.
 - handle_deallocations: 1.


Internal statistics:

num_allocs_failed_limit: 3.
num_arena_births: 212.
num_arena_deaths: 14.
num_vsnodes_births: 5.
num_vsnodes_deaths: 0.
num_space_committed: 430.
num_space_uncommitted: 0.
num_chunks_returned_to_freelist: 17.
num_chunks_taken_from_freelist: 911.
num_chunk_merges: 7.
num_chunk_splits: 620.
num_chunks_enlarged: 447.
num_purges: 2.
num_inconsistent_stats: 0.

CodeHeap 'non-profiled nmethods': size=120000Kb used=885Kb max_used=885Kb free=119114Kb
 bounds [0x000001d1f2ee0000, 0x000001d1f3150000, 0x000001d1fa410000]
CodeHeap 'profiled nmethods': size=120000Kb used=4857Kb max_used=4857Kb free=115142Kb
 bounds [0x000001d1eb9b0000, 0x000001d1ebe70000, 0x000001d1f2ee0000]
CodeHeap 'non-nmethods': size=5760Kb used=1226Kb max_used=1235Kb free=4533Kb
 bounds [0x000001d1eb410000, 0x000001d1eb680000, 0x000001d1eb9b0000]
 total_blobs=2932 nmethods=2395 adapters=451
 compilation: enabled
              stopped_count=0, restarted_count=0
 full_count=0

Compilation events (20 events):
Event: 8.921 Thread 0x000001d1fe6a2840 2360       3       jdk.internal.reflect.FieldAccessorImpl::<init> (5 bytes)
Event: 8.921 Thread 0x000001d1fe6a2840 nmethod 2360 0x000001d1ebe50f10 code [0x000001d1ebe510c0, 0x000001d1ebe51278]
Event: 8.921 Thread 0x000001d1fe6a2840 2361       3       java.lang.reflect.Field::set (30 bytes)
Event: 8.921 Thread 0x000001d1fe6a2840 nmethod 2361 0x000001d1ebe51390 code [0x000001d1ebe51560, 0x000001d1ebe51938]
Event: 8.921 Thread 0x000001d1fe6a2840 2362       3       jdk.internal.misc.Unsafe::staticFieldOffset (18 bytes)
Event: 8.922 Thread 0x000001d1fe6a2840 nmethod 2362 0x000001d1ebe51a90 code [0x000001d1ebe51c40, 0x000001d1ebe51e78]
Event: 8.922 Thread 0x000001d1fe6a2840 2364       3       jdk.internal.reflect.UnsafeStaticFieldAccessorImpl::<init> (17 bytes)
Event: 8.922 Thread 0x000001d1fe6a2840 nmethod 2364 0x000001d1ebe51f90 code [0x000001d1ebe52160, 0x000001d1ebe52468]
Event: 8.922 Thread 0x000001d1fe6a2840 2365       3       jdk.internal.misc.Unsafe::staticFieldBase (18 bytes)
Event: 8.922 Thread 0x000001d1fe6a2840 nmethod 2365 0x000001d1ebe52590 code [0x000001d1ebe52740, 0x000001d1ebe52978]
Event: 8.922 Thread 0x000001d1fe6a2840 2368  s!   3       org.eclipse.osgi.util.NLS$MessagesProperties::put (168 bytes)
Event: 8.926 Thread 0x000001d1fe6a2840 nmethod 2368 0x000001d1ebe52a90 code [0x000001d1ebe52ee0, 0x000001d1ebe54cc8]
Event: 8.926 Thread 0x000001d1fe6a2840 2369       3       jdk.internal.reflect.UnsafeStaticObjectFieldAccessorImpl::<init> (6 bytes)
Event: 8.926 Thread 0x000001d1fe6a2840 nmethod 2369 0x000001d1ebe55790 code [0x000001d1ebe55960, 0x000001d1ebe55cc8]
Event: 8.926 Thread 0x000001d1fe6a2840 2371       3       jdk.internal.reflect.UnsafeFieldAccessorFactory::newFieldAccessor (638 bytes)
Event: 8.933 Thread 0x000001d1fe6a2840 nmethod 2371 0x000001d1ebe55e10 code [0x000001d1ebe565a0, 0x000001d1ebe594b8]
Event: 8.933 Thread 0x000001d1fe6a2840 2370       3       jdk.internal.reflect.UnsafeStaticObjectFieldAccessorImpl::set (54 bytes)
Event: 8.934 Thread 0x000001d1fe6a2840 nmethod 2370 0x000001d1ebe5a310 code [0x000001d1ebe5a540, 0x000001d1ebe5ade8]
Event: 8.934 Thread 0x000001d1fe6a2840 2372       3       java.util.HashMap::entrySet (27 bytes)
Event: 8.935 Thread 0x000001d1fe6a2840 nmethod 2372 0x000001d1ebe5b090 code [0x000001d1ebe5b260, 0x000001d1ebe5b5d8]

GC Heap History (12 events):
Event: 3.424 GC heap before
{Heap before GC invocations=1 (full 0):
 PSYoungGen      total 29696K, used 25600K [0x00000000eab00000, 0x00000000ecc00000, 0x0000000100000000)
  eden space 25600K, 100% used [0x00000000eab00000,0x00000000ec400000,0x00000000ec400000)
  from space 4096K, 0% used [0x00000000ec800000,0x00000000ec800000,0x00000000ecc00000)
  to   space 4096K, 0% used [0x00000000ec400000,0x00000000ec400000,0x00000000ec800000)
 ParOldGen       total 68608K, used 0K [0x00000000c0000000, 0x00000000c4300000, 0x00000000eab00000)
  object space 68608K, 0% used [0x00000000c0000000,0x00000000c0000000,0x00000000c4300000)
 Metaspace       used 10974K, committed 11136K, reserved 1064960K
  class space    used 1089K, committed 1152K, reserved 1048576K
}
Event: 3.451 GC heap after
{Heap after GC invocations=1 (full 0):
 PSYoungGen      total 29696K, used 3713K [0x00000000eab00000, 0x00000000ecc00000, 0x0000000100000000)
  eden space 25600K, 0% used [0x00000000eab00000,0x00000000eab00000,0x00000000ec400000)
  from space 4096K, 90% used [0x00000000ec400000,0x00000000ec7a0690,0x00000000ec800000)
  to   space 4096K, 0% used [0x00000000ec800000,0x00000000ec800000,0x00000000ecc00000)
 ParOldGen       total 68608K, used 8K [0x00000000c0000000, 0x00000000c4300000, 0x00000000eab00000)
  object space 68608K, 0% used [0x00000000c0000000,0x00000000c0002000,0x00000000c4300000)
 Metaspace       used 10974K, committed 11136K, reserved 1064960K
  class space    used 1089K, committed 1152K, reserved 1048576K
}
Event: 5.409 GC heap before
{Heap before GC invocations=2 (full 0):
 PSYoungGen      total 29696K, used 29313K [0x00000000eab00000, 0x00000000ecc00000, 0x0000000100000000)
  eden space 25600K, 100% used [0x00000000eab00000,0x00000000ec400000,0x00000000ec400000)
  from space 4096K, 90% used [0x00000000ec400000,0x00000000ec7a0690,0x00000000ec800000)
  to   space 4096K, 0% used [0x00000000ec800000,0x00000000ec800000,0x00000000ecc00000)
 ParOldGen       total 68608K, used 8K [0x00000000c0000000, 0x00000000c4300000, 0x00000000eab00000)
  object space 68608K, 0% used [0x00000000c0000000,0x00000000c0002000,0x00000000c4300000)
 Metaspace       used 15120K, committed 15424K, reserved 1064960K
  class space    used 1535K, committed 1664K, reserved 1048576K
}
Event: 5.422 GC heap after
{Heap after GC invocations=2 (full 0):
 PSYoungGen      total 29696K, used 4093K [0x00000000eab00000, 0x00000000ecc00000, 0x0000000100000000)
  eden space 25600K, 0% used [0x00000000eab00000,0x00000000eab00000,0x00000000ec400000)
  from space 4096K, 99% used [0x00000000ec800000,0x00000000ecbff718,0x00000000ecc00000)
  to   space 4096K, 0% used [0x00000000ec400000,0x00000000ec400000,0x00000000ec800000)
 ParOldGen       total 68608K, used 1301K [0x00000000c0000000, 0x00000000c4300000, 0x00000000eab00000)
  object space 68608K, 1% used [0x00000000c0000000,0x00000000c01456e8,0x00000000c4300000)
 Metaspace       used 15120K, committed 15424K, reserved 1064960K
  class space    used 1535K, committed 1664K, reserved 1048576K
}
Event: 7.219 GC heap before
{Heap before GC invocations=3 (full 0):
 PSYoungGen      total 29696K, used 29693K [0x00000000eab00000, 0x00000000ecc00000, 0x0000000100000000)
  eden space 25600K, 100% used [0x00000000eab00000,0x00000000ec400000,0x00000000ec400000)
  from space 4096K, 99% used [0x00000000ec800000,0x00000000ecbff718,0x00000000ecc00000)
  to   space 4096K, 0% used [0x00000000ec400000,0x00000000ec400000,0x00000000ec800000)
 ParOldGen       total 68608K, used 1301K [0x00000000c0000000, 0x00000000c4300000, 0x00000000eab00000)
  object space 68608K, 1% used [0x00000000c0000000,0x00000000c01456e8,0x00000000c4300000)
 Metaspace       used 20224K, committed 20672K, reserved 1073152K
  class space    used 2060K, committed 2240K, reserved 1048576K
}
Event: 7.225 GC heap after
{Heap after GC invocations=3 (full 0):
 PSYoungGen      total 29696K, used 4084K [0x00000000eab00000, 0x00000000ecc00000, 0x0000000100000000)
  eden space 25600K, 0% used [0x00000000eab00000,0x00000000eab00000,0x00000000ec400000)
  from space 4096K, 99% used [0x00000000ec400000,0x00000000ec7fd1c8,0x00000000ec800000)
  to   space 4096K, 0% used [0x00000000ec800000,0x00000000ec800000,0x00000000ecc00000)
 ParOldGen       total 68608K, used 2911K [0x00000000c0000000, 0x00000000c4300000, 0x00000000eab00000)
  object space 68608K, 4% used [0x00000000c0000000,0x00000000c02d7df0,0x00000000c4300000)
 Metaspace       used 20224K, committed 20672K, reserved 1073152K
  class space    used 2060K, committed 2240K, reserved 1048576K
}
Event: 7.524 GC heap before
{Heap before GC invocations=4 (full 0):
 PSYoungGen      total 29696K, used 9743K [0x00000000eab00000, 0x00000000ecc00000, 0x0000000100000000)
  eden space 25600K, 22% used [0x00000000eab00000,0x00000000eb086cc8,0x00000000ec400000)
  from space 4096K, 99% used [0x00000000ec400000,0x00000000ec7fd1c8,0x00000000ec800000)
  to   space 4096K, 0% used [0x00000000ec800000,0x00000000ec800000,0x00000000ecc00000)
 ParOldGen       total 68608K, used 2911K [0x00000000c0000000, 0x00000000c4300000, 0x00000000eab00000)
  object space 68608K, 4% used [0x00000000c0000000,0x00000000c02d7df0,0x00000000c4300000)
 Metaspace       used 21059K, committed 21504K, reserved 1073152K
  class space    used 2152K, committed 2368K, reserved 1048576K
}
Event: 7.530 GC heap after
{Heap after GC invocations=4 (full 0):
 PSYoungGen      total 29696K, used 4069K [0x00000000eab00000, 0x00000000ecc00000, 0x0000000100000000)
  eden space 25600K, 0% used [0x00000000eab00000,0x00000000eab00000,0x00000000ec400000)
  from space 4096K, 99% used [0x00000000ec800000,0x00000000ecbf9430,0x00000000ecc00000)
  to   space 4096K, 0% used [0x00000000ec400000,0x00000000ec400000,0x00000000ec800000)
 ParOldGen       total 68608K, used 3427K [0x00000000c0000000, 0x00000000c4300000, 0x00000000eab00000)
  object space 68608K, 4% used [0x00000000c0000000,0x00000000c0358fb0,0x00000000c4300000)
 Metaspace       used 21059K, committed 21504K, reserved 1073152K
  class space    used 2152K, committed 2368K, reserved 1048576K
}
Event: 7.530 GC heap before
{Heap before GC invocations=5 (full 1):
 PSYoungGen      total 29696K, used 4069K [0x00000000eab00000, 0x00000000ecc00000, 0x0000000100000000)
  eden space 25600K, 0% used [0x00000000eab00000,0x00000000eab00000,0x00000000ec400000)
  from space 4096K, 99% used [0x00000000ec800000,0x00000000ecbf9430,0x00000000ecc00000)
  to   space 4096K, 0% used [0x00000000ec400000,0x00000000ec400000,0x00000000ec800000)
 ParOldGen       total 68608K, used 3427K [0x00000000c0000000, 0x00000000c4300000, 0x00000000eab00000)
  object space 68608K, 4% used [0x00000000c0000000,0x00000000c0358fb0,0x00000000c4300000)
 Metaspace       used 21059K, committed 21504K, reserved 1073152K
  class space    used 2152K, committed 2368K, reserved 1048576K
}
Event: 7.574 GC heap after
{Heap after GC invocations=5 (full 1):
 PSYoungGen      total 29696K, used 0K [0x00000000eab00000, 0x00000000ecc00000, 0x0000000100000000)
  eden space 25600K, 0% used [0x00000000eab00000,0x00000000eab00000,0x00000000ec400000)
  from space 4096K, 0% used [0x00000000ec800000,0x00000000ec800000,0x00000000ecc00000)
  to   space 4096K, 0% used [0x00000000ec400000,0x00000000ec400000,0x00000000ec800000)
 ParOldGen       total 68608K, used 7336K [0x00000000c0000000, 0x00000000c4300000, 0x00000000eab00000)
  object space 68608K, 10% used [0x00000000c0000000,0x00000000c072a3f0,0x00000000c4300000)
 Metaspace       used 21046K, committed 21504K, reserved 1073152K
  class space    used 2149K, committed 2368K, reserved 1048576K
}
Event: 8.513 GC heap before
{Heap before GC invocations=6 (full 1):
 PSYoungGen      total 29696K, used 25600K [0x00000000eab00000, 0x00000000ecc00000, 0x0000000100000000)
  eden space 25600K, 100% used [0x00000000eab00000,0x00000000ec400000,0x00000000ec400000)
  from space 4096K, 0% used [0x00000000ec800000,0x00000000ec800000,0x00000000ecc00000)
  to   space 4096K, 0% used [0x00000000ec400000,0x00000000ec400000,0x00000000ec800000)
 ParOldGen       total 68608K, used 7336K [0x00000000c0000000, 0x00000000c4300000, 0x00000000eab00000)
  object space 68608K, 10% used [0x00000000c0000000,0x00000000c072a3f0,0x00000000c4300000)
 Metaspace       used 24529K, committed 24960K, reserved 1073152K
  class space    used 2398K, committed 2624K, reserved 1048576K
}
Event: 8.516 GC heap after
{Heap after GC invocations=6 (full 1):
 PSYoungGen      total 25600K, used 453K [0x00000000eab00000, 0x00000000ec880000, 0x0000000100000000)
  eden space 25088K, 0% used [0x00000000eab00000,0x00000000eab00000,0x00000000ec380000)
  from space 512K, 88% used [0x00000000ec400000,0x00000000ec4717f0,0x00000000ec480000)
  to   space 2560K, 0% used [0x00000000ec600000,0x00000000ec600000,0x00000000ec880000)
 ParOldGen       total 68608K, used 7344K [0x00000000c0000000, 0x00000000c4300000, 0x00000000eab00000)
  object space 68608K, 10% used [0x00000000c0000000,0x00000000c072c3f0,0x00000000c4300000)
 Metaspace       used 24529K, committed 24960K, reserved 1073152K
  class space    used 2398K, committed 2624K, reserved 1048576K
}

Dll operation events (9 events):
Event: 0.040 Loaded shared library c:\Users\Zakwa\.vscode\extensions\redhat.java-1.14.0-win32-x64\jre\17.0.5-win32-x86_64\bin\java.dll
Event: 0.711 Loaded shared library c:\Users\Zakwa\.vscode\extensions\redhat.java-1.14.0-win32-x64\jre\17.0.5-win32-x86_64\bin\zip.dll
Event: 0.721 Loaded shared library C:\Users\Zakwa\.vscode\extensions\redhat.java-1.14.0-win32-x64\jre\17.0.5-win32-x86_64\bin\instrument.dll
Event: 0.763 Loaded shared library C:\Users\Zakwa\.vscode\extensions\redhat.java-1.14.0-win32-x64\jre\17.0.5-win32-x86_64\bin\net.dll
Event: 0.772 Loaded shared library C:\Users\Zakwa\.vscode\extensions\redhat.java-1.14.0-win32-x64\jre\17.0.5-win32-x86_64\bin\nio.dll
Event: 0.807 Loaded shared library C:\Users\Zakwa\.vscode\extensions\redhat.java-1.14.0-win32-x64\jre\17.0.5-win32-x86_64\bin\zip.dll
Event: 0.873 Loaded shared library C:\Users\Zakwa\.vscode\extensions\redhat.java-1.14.0-win32-x64\jre\17.0.5-win32-x86_64\bin\jimage.dll
Event: 1.092 Loaded shared library c:\Users\Zakwa\.vscode\extensions\redhat.java-1.14.0-win32-x64\jre\17.0.5-win32-x86_64\bin\verify.dll
Event: 5.089 Loaded shared library C:\Users\Zakwa\AppData\Roaming\Code\User\globalStorage\redhat.java\1.14.0\config_ss_win\org.eclipse.equinox.launcher\org.eclipse.equinox.launcher.win32.win32.x86_64_1.2.700.v20221108-1024\eclipse_11801.dll

Deoptimization events (20 events):
Event: 6.811 Thread 0x000001d180979340 Uncommon trap: trap_request=0xffffffc6 fr.pc=0x000001d1f2f8eed8 relative=0x0000000000002318
Event: 6.811 Thread 0x000001d180979340 Uncommon trap: reason=bimorphic_or_optimized_type_check action=maybe_recompile pc=0x000001d1f2f8eed8 method=java.io.DataInputStream.readUnsignedShort()I @ 4 c2
Event: 6.811 Thread 0x000001d180979340 DEOPT PACKING pc=0x000001d1f2f8eed8 sp=0x000000928c3f9ad0
Event: 6.811 Thread 0x000001d180979340 DEOPT UNPACKING pc=0x000001d1eb4620a3 sp=0x000000928c3f9a48 mode 2
Event: 6.819 Thread 0x000001d180979340 Uncommon trap: trap_request=0xffffffc6 fr.pc=0x000001d1f2f8eed8 relative=0x0000000000002318
Event: 6.819 Thread 0x000001d180979340 Uncommon trap: reason=bimorphic_or_optimized_type_check action=maybe_recompile pc=0x000001d1f2f8eed8 method=java.io.DataInputStream.readUnsignedShort()I @ 4 c2
Event: 6.819 Thread 0x000001d180979340 DEOPT PACKING pc=0x000001d1f2f8eed8 sp=0x000000928c3f9790
Event: 6.819 Thread 0x000001d180979340 DEOPT UNPACKING pc=0x000001d1eb4620a3 sp=0x000000928c3f9708 mode 2
Event: 6.819 Thread 0x000001d180979340 Uncommon trap: trap_request=0xffffffc6 fr.pc=0x000001d1f2f8eed8 relative=0x0000000000002318
Event: 6.819 Thread 0x000001d180979340 Uncommon trap: reason=bimorphic_or_optimized_type_check action=maybe_recompile pc=0x000001d1f2f8eed8 method=java.io.DataInputStream.readUnsignedShort()I @ 4 c2
Event: 6.819 Thread 0x000001d180979340 DEOPT PACKING pc=0x000001d1f2f8eed8 sp=0x000000928c3f96d0
Event: 6.819 Thread 0x000001d180979340 DEOPT UNPACKING pc=0x000001d1eb4620a3 sp=0x000000928c3f9648 mode 2
Event: 6.819 Thread 0x000001d180979340 Uncommon trap: trap_request=0xffffffc6 fr.pc=0x000001d1f2f8eed8 relative=0x0000000000002318
Event: 6.819 Thread 0x000001d180979340 Uncommon trap: reason=bimorphic_or_optimized_type_check action=maybe_recompile pc=0x000001d1f2f8eed8 method=java.io.DataInputStream.readUnsignedShort()I @ 4 c2
Event: 6.819 Thread 0x000001d180979340 DEOPT PACKING pc=0x000001d1f2f8eed8 sp=0x000000928c3f9620
Event: 6.819 Thread 0x000001d180979340 DEOPT UNPACKING pc=0x000001d1eb4620a3 sp=0x000000928c3f9598 mode 2
Event: 7.080 Thread 0x000001d180979340 Uncommon trap: trap_request=0xffffff45 fr.pc=0x000001d1f2f71bc0 relative=0x0000000000000040
Event: 7.080 Thread 0x000001d180979340 Uncommon trap: reason=unstable_if action=reinterpret pc=0x000001d1f2f71bc0 method=sun.nio.fs.WindowsPathParser.isSlash(C)Z @ 9 c2
Event: 7.080 Thread 0x000001d180979340 DEOPT PACKING pc=0x000001d1f2f71bc0 sp=0x000000928c3f94b0
Event: 7.080 Thread 0x000001d180979340 DEOPT UNPACKING pc=0x000001d1eb4620a3 sp=0x000000928c3f9438 mode 2

Classes unloaded (7 events):
Event: 7.537 Thread 0x000001d1fe611580 Unloading class 0x0000000100211400 'java/lang/invoke/LambdaForm$MH+0x0000000100211400'
Event: 7.537 Thread 0x000001d1fe611580 Unloading class 0x0000000100211000 'java/lang/invoke/LambdaForm$MH+0x0000000100211000'
Event: 7.537 Thread 0x000001d1fe611580 Unloading class 0x0000000100210c00 'java/lang/invoke/LambdaForm$MH+0x0000000100210c00'
Event: 7.537 Thread 0x000001d1fe611580 Unloading class 0x0000000100210800 'java/lang/invoke/LambdaForm$MH+0x0000000100210800'
Event: 7.537 Thread 0x000001d1fe611580 Unloading class 0x0000000100210000 'java/lang/invoke/LambdaForm$BMH+0x0000000100210000'
Event: 7.537 Thread 0x000001d1fe611580 Unloading class 0x000000010020fc00 'java/lang/invoke/LambdaForm$DMH+0x000000010020fc00'
Event: 7.537 Thread 0x000001d1fe611580 Unloading class 0x000000010020d000 'java/lang/invoke/LambdaForm$DMH+0x000000010020d000'

Classes redefined (0 events):
No events

Internal exceptions (20 events):
Event: 6.522 Thread 0x000001d180979340 Exception <a 'java/lang/NoSuchMethodError'{0x00000000ebd1a748}: 'void java.lang.invoke.DelegatingMethodHandle$Holder.delegate(java.lang.Object, java.lang.Object, int, java.lang.Object)'> (0x00000000ebd1a748) 
thrown [s\src\hotspot\share\interpreter\linkResolver.cpp, line 759]
Event: 6.523 Thread 0x000001d180979340 Exception <a 'java/lang/NoSuchMethodError'{0x00000000ebd1ed80}: 'int java.lang.invoke.DirectMethodHandle$Holder.invokeSpecial(java.lang.Object, java.lang.Object, java.lang.Object)'> (0x00000000ebd1ed80) 
thrown [s\src\hotspot\share\interpreter\linkResolver.cpp, line 759]
Event: 6.527 Thread 0x000001d180979340 Exception <a 'java/lang/NoSuchMethodError'{0x00000000ebd2f370}: 'int java.lang.invoke.DirectMethodHandle$Holder.invokeStatic(java.lang.Object, java.lang.Object, int)'> (0x00000000ebd2f370) 
thrown [s\src\hotspot\share\interpreter\linkResolver.cpp, line 759]
Event: 6.528 Thread 0x000001d180979340 Exception <a 'java/lang/NoSuchMethodError'{0x00000000ebd33398}: 'int java.lang.invoke.DirectMethodHandle$Holder.invokeSpecial(java.lang.Object, java.lang.Object, java.lang.Object, int)'> (0x00000000ebd33398) 
thrown [s\src\hotspot\share\interpreter\linkResolver.cpp, line 759]
Event: 6.535 Thread 0x000001d180979340 Exception <a 'java/lang/NoSuchMethodError'{0x00000000ebd4e088}: 'java.lang.Object java.lang.invoke.DirectMethodHandle$Holder.invokeStatic(java.lang.Object, java.lang.Object, java.lang.Object, java.lang.Object, int)'> (0x00000000ebd4e088) 
thrown [s\src\hotspot\share\interpreter\linkResolver.cpp, line 759]
Event: 6.538 Thread 0x000001d180979340 Exception <a 'java/lang/NoSuchMethodError'{0x00000000ebd5a480}: 'java.lang.Object java.lang.invoke.DelegatingMethodHandle$Holder.reinvoke_L(java.lang.Object, java.lang.Object, java.lang.Object, java.lang.Object, int, int)'> (0x00000000ebd5a480) 
thrown [s\src\hotspot\share\interpreter\linkResolver.cpp, line 759]
Event: 6.544 Thread 0x000001d180979340 Exception <a 'java/lang/NoSuchMethodError'{0x00000000ebd71d68}: 'java.lang.Object java.lang.invoke.Invokers$Holder.invokeExact_MT(java.lang.Object, java.lang.Object, java.lang.Object, java.lang.Object)'> (0x00000000ebd71d68) 
thrown [s\src\hotspot\share\interpreter\linkResolver.cpp, line 759]
Event: 6.856 Thread 0x000001d180979340 Exception <a 'java/lang/NoSuchMethodError'{0x00000000ec1a5c30}: 'java.lang.Object java.lang.invoke.DirectMethodHandle$Holder.newInvokeSpecial(java.lang.Object, java.lang.Object, java.lang.Object, java.lang.Object, java.lang.Object)'> (0x00000000ec1a5c30) 
thrown [s\src\hotspot\share\interpreter\linkResolver.cpp, line 759]
Event: 7.268 Thread 0x000001d180979340 Exception <a 'java/lang/NoSuchMethodError'{0x00000000eabca7e0}: 'java.lang.Object java.lang.invoke.DirectMethodHandle$Holder.invokeSpecial(java.lang.Object, java.lang.Object, java.lang.Object, long, java.lang.Object)'> (0x00000000eabca7e0) 
thrown [s\src\hotspot\share\interpreter\linkResolver.cpp, line 759]
Event: 7.270 Thread 0x000001d180979340 Exception <a 'java/lang/NoSuchMethodError'{0x00000000eabd2998}: 'java.lang.Object java.lang.invoke.DirectMethodHandle$Holder.newInvokeSpecial(java.lang.Object, java.lang.Object, java.lang.Object, long)'> (0x00000000eabd2998) 
thrown [s\src\hotspot\share\interpreter\linkResolver.cpp, line 759]
Event: 7.271 Thread 0x000001d180979340 Exception <a 'java/lang/NoSuchMethodError'{0x00000000eabd6f38}: 'java.lang.Object java.lang.invoke.DirectMethodHandle$Holder.invokeSpecial(java.lang.Object, java.lang.Object, java.lang.Object, java.lang.Object, long)'> (0x00000000eabd6f38) 
thrown [s\src\hotspot\share\interpreter\linkResolver.cpp, line 759]
Event: 7.289 Thread 0x000001d180979340 Exception <a 'java/lang/NoSuchMethodError'{0x00000000eac8e3f8}: 'int java.lang.invoke.DirectMethodHandle$Holder.invokeStaticInit(java.lang.Object, java.lang.Object, java.lang.Object)'> (0x00000000eac8e3f8) 
thrown [s\src\hotspot\share\interpreter\linkResolver.cpp, line 759]
Event: 7.304 Thread 0x000001d180979340 Exception <a 'java/lang/IncompatibleClassChangeError'{0x00000000ead14f68}: Found class java.lang.Object, but interface was expected> (0x00000000ead14f68) 
thrown [s\src\hotspot\share\interpreter\linkResolver.cpp, line 826]
Event: 7.315 Thread 0x000001d180979340 Exception <a 'java/lang/NoSuchMethodError'{0x00000000ead272e8}: 'java.lang.Object java.lang.invoke.DirectMethodHandle$Holder.invokeSpecial(java.lang.Object, java.lang.Object, java.lang.Object, int, java.lang.Object, java.lang.Object)'> (0x00000000ead272e8) 
thrown [s\src\hotspot\share\interpreter\linkResolver.cpp, line 759]
Event: 7.317 Thread 0x000001d180979340 Exception <a 'java/lang/NoSuchMethodError'{0x00000000ead2fa70}: 'java.lang.Object java.lang.invoke.DirectMethodHandle$Holder.newInvokeSpecial(java.lang.Object, java.lang.Object, java.lang.Object, int, java.lang.Object)'> (0x00000000ead2fa70) 
thrown [s\src\hotspot\share\interpreter\linkResolver.cpp, line 759]
Event: 7.318 Thread 0x000001d180979340 Exception <a 'java/lang/NoSuchMethodError'{0x00000000ead33ec8}: 'java.lang.Object java.lang.invoke.DirectMethodHandle$Holder.invokeSpecial(java.lang.Object, java.lang.Object, java.lang.Object, java.lang.Object, int, java.lang.Object)'> (0x00000000ead33ec8) 
thrown [s\src\hotspot\share\interpreter\linkResolver.cpp, line 759]
Event: 7.320 Thread 0x000001d1ffe05ce0 Exception <a 'java/lang/NoSuchMethodError'{0x00000000eacd4510}: 'java.lang.Object java.lang.invoke.DirectMethodHandle$Holder.invokeSpecial(java.lang.Object, java.lang.Object, int, java.lang.Object, java.lang.Object)'> (0x00000000eacd4510) 
thrown [s\src\hotspot\share\interpreter\linkResolver.cpp, line 759]
Event: 7.326 Thread 0x000001d1ffe05ce0 Exception <a 'java/lang/NoSuchMethodError'{0x00000000eacdbbe0}: 'java.lang.Object java.lang.invoke.DirectMethodHandle$Holder.newInvokeSpecial(java.lang.Object, java.lang.Object, int, java.lang.Object)'> (0x00000000eacdbbe0) 
thrown [s\src\hotspot\share\interpreter\linkResolver.cpp, line 759]
Event: 7.332 Thread 0x000001d1ffe05ce0 Exception <a 'java/lang/NoSuchMethodError'{0x00000000eacdf6f0}: 'java.lang.Object java.lang.invoke.DirectMethodHandle$Holder.invokeSpecial(java.lang.Object, java.lang.Object, java.lang.Object, int, java.lang.Object)'> (0x00000000eacdf6f0) 
thrown [s\src\hotspot\share\interpreter\linkResolver.cpp, line 759]
Event: 7.370 Thread 0x000001d1ffe05ce0 Exception <a 'java/io/FileNotFoundException'{0x00000000eaea74b8}> (0x00000000eaea74b8) 
thrown [s\src\hotspot\share\prims\jni.cpp, line 516]

VM Operations (20 events):
Event: 5.409 Executing VM operation: ParallelGCFailedAllocation
Event: 5.422 Executing VM operation: ParallelGCFailedAllocation done
Event: 6.150 Executing VM operation: HandshakeAllThreads
Event: 6.150 Executing VM operation: HandshakeAllThreads done
Event: 6.190 Executing VM operation: HandshakeAllThreads
Event: 6.190 Executing VM operation: HandshakeAllThreads done
Event: 6.202 Executing VM operation: HandshakeAllThreads
Event: 6.202 Executing VM operation: HandshakeAllThreads done
Event: 6.518 Executing VM operation: HandshakeAllThreads
Event: 6.519 Executing VM operation: HandshakeAllThreads done
Event: 6.519 Executing VM operation: Cleanup
Event: 6.519 Executing VM operation: Cleanup done
Event: 7.219 Executing VM operation: ParallelGCFailedAllocation
Event: 7.225 Executing VM operation: ParallelGCFailedAllocation done
Event: 7.349 Executing VM operation: HandshakeAllThreads
Event: 7.349 Executing VM operation: HandshakeAllThreads done
Event: 7.524 Executing VM operation: CollectForMetadataAllocation
Event: 7.574 Executing VM operation: CollectForMetadataAllocation done
Event: 8.513 Executing VM operation: ParallelGCFailedAllocation
Event: 8.516 Executing VM operation: ParallelGCFailedAllocation done

Events (20 events):
Event: 7.688 loading class java/util/zip/GZIPOutputStream
Event: 7.689 loading class java/util/zip/DeflaterOutputStream
Event: 7.689 loading class java/util/zip/DeflaterOutputStream done
Event: 7.689 loading class java/util/zip/GZIPOutputStream done
Event: 7.706 loading class java/net/SocketTimeoutException
Event: 7.706 loading class java/io/InterruptedIOException
Event: 7.706 loading class java/io/InterruptedIOException done
Event: 7.706 loading class java/net/SocketTimeoutException done
Event: 7.706 loading class java/net/SocketException
Event: 7.706 loading class java/net/SocketException done
Event: 7.706 loading class java/net/UnknownHostException
Event: 7.706 loading class java/net/UnknownHostException done
Event: 7.706 loading class java/net/ProtocolException
Event: 7.707 loading class java/net/ProtocolException done
Event: 7.955 loading class java/io/FileWriter
Event: 7.955 loading class java/io/FileWriter done
Event: 7.971 loading class java/lang/NegativeArraySizeException
Event: 7.971 loading class java/lang/NegativeArraySizeException done
Event: 8.895 loading class org/w3c/dom/DOMException
Event: 8.896 loading class org/w3c/dom/DOMException done


Dynamic libraries:
0x00007ff7678b0000 - 0x00007ff7678be000 	c:\Users\Zakwa\.vscode\extensions\redhat.java-1.14.0-win32-x64\jre\17.0.5-win32-x86_64\bin\java.exe
0x00007ffb26b90000 - 0x00007ffb26da4000 	C:\WINDOWS\SYSTEM32\ntdll.dll
0x00007ffb254f0000 - 0x00007ffb255b3000 	C:\WINDOWS\System32\KERNEL32.DLL
0x00007ffb24260000 - 0x00007ffb245fd000 	C:\WINDOWS\System32\KERNELBASE.dll
0x00007ffb213b0000 - 0x00007ffb21447000 	C:\WINDOWS\SYSTEM32\apphelp.dll
0x00007ffb24860000 - 0x00007ffb24971000 	C:\WINDOWS\System32\ucrtbase.dll
0x00007ffb10310000 - 0x00007ffb10327000 	c:\Users\Zakwa\.vscode\extensions\redhat.java-1.14.0-win32-x64\jre\17.0.5-win32-x86_64\bin\jli.dll
0x00007ffb167a0000 - 0x00007ffb167b9000 	c:\Users\Zakwa\.vscode\extensions\redhat.java-1.14.0-win32-x64\jre\17.0.5-win32-x86_64\bin\VCRUNTIME140.dll
0x00007ffb24a40000 - 0x00007ffb24bed000 	C:\WINDOWS\System32\USER32.dll
0x00007ffb24770000 - 0x00007ffb24796000 	C:\WINDOWS\System32\win32u.dll
0x00007ffb26b20000 - 0x00007ffb26b49000 	C:\WINDOWS\System32\GDI32.dll
0x00007ffb17b70000 - 0x00007ffb17dfe000 	C:\WINDOWS\WinSxS\amd64_microsoft.windows.common-controls_6595b64144ccf1df_6.0.22621.608_none_a9444ca7c10bb01d\COMCTL32.dll
0x00007ffb24140000 - 0x00007ffb24252000 	C:\WINDOWS\System32\gdi32full.dll
0x00007ffb24f90000 - 0x00007ffb25037000 	C:\WINDOWS\System32\msvcrt.dll
0x00007ffb24020000 - 0x00007ffb240ba000 	C:\WINDOWS\System32\msvcp_win.dll
0x00007ffb24980000 - 0x00007ffb249b2000 	C:\WINDOWS\System32\IMM32.DLL
0x00007ffb180b0000 - 0x00007ffb180bc000 	c:\Users\Zakwa\.vscode\extensions\redhat.java-1.14.0-win32-x64\jre\17.0.5-win32-x86_64\bin\vcruntime140_1.dll
0x00007ffadfb00000 - 0x00007ffadfb91000 	c:\Users\Zakwa\.vscode\extensions\redhat.java-1.14.0-win32-x64\jre\17.0.5-win32-x86_64\bin\msvcp140.dll
0x00007ffa7fed0000 - 0x00007ffa80b14000 	c:\Users\Zakwa\.vscode\extensions\redhat.java-1.14.0-win32-x64\jre\17.0.5-win32-x86_64\bin\server\jvm.dll
0x00007ffb26a60000 - 0x00007ffb26b0e000 	C:\WINDOWS\System32\ADVAPI32.dll
0x00007ffb26130000 - 0x00007ffb261d4000 	C:\WINDOWS\System32\sechost.dll
0x00007ffb25040000 - 0x00007ffb25155000 	C:\WINDOWS\System32\RPCRT4.dll
0x00007ffb0ebc0000 - 0x00007ffb0ebc9000 	C:\WINDOWS\SYSTEM32\WSOCK32.dll
0x00007ffb25340000 - 0x00007ffb253b1000 	C:\WINDOWS\System32\WS2_32.dll
0x00007ffb1cca0000 - 0x00007ffb1ccd4000 	C:\WINDOWS\SYSTEM32\WINMM.dll
0x00007ffb1b460000 - 0x00007ffb1b46a000 	C:\WINDOWS\SYSTEM32\VERSION.dll
0x00007ffb230c0000 - 0x00007ffb230d8000 	C:\WINDOWS\SYSTEM32\kernel.appcore.dll
0x00007ffb17500000 - 0x00007ffb1750a000 	c:\Users\Zakwa\.vscode\extensions\redhat.java-1.14.0-win32-x64\jre\17.0.5-win32-x86_64\bin\jimage.dll
0x00007ffb1e8d0000 - 0x00007ffb1eafe000 	C:\WINDOWS\SYSTEM32\DBGHELP.DLL
0x00007ffb24c00000 - 0x00007ffb24f8a000 	C:\WINDOWS\System32\combase.dll
0x00007ffb255c0000 - 0x00007ffb25697000 	C:\WINDOWS\System32\OLEAUT32.dll
0x00007ffb11d90000 - 0x00007ffb11dc2000 	C:\WINDOWS\SYSTEM32\dbgcore.DLL
0x00007ffb240c0000 - 0x00007ffb2413b000 	C:\WINDOWS\System32\bcryptPrimitives.dll
0x00007ffb10360000 - 0x00007ffb1036e000 	c:\Users\Zakwa\.vscode\extensions\redhat.java-1.14.0-win32-x64\jre\17.0.5-win32-x86_64\bin\instrument.dll
0x00007ffaeeda0000 - 0x00007ffaeedc5000 	c:\Users\Zakwa\.vscode\extensions\redhat.java-1.14.0-win32-x64\jre\17.0.5-win32-x86_64\bin\java.dll
0x00007ffb10200000 - 0x00007ffb10218000 	c:\Users\Zakwa\.vscode\extensions\redhat.java-1.14.0-win32-x64\jre\17.0.5-win32-x86_64\bin\zip.dll
0x00007ffb25860000 - 0x00007ffb2604f000 	C:\WINDOWS\System32\SHELL32.dll
0x00007ffb21f90000 - 0x00007ffb22858000 	C:\WINDOWS\SYSTEM32\windows.storage.dll
0x00007ffb21e50000 - 0x00007ffb21f8e000 	C:\WINDOWS\SYSTEM32\wintypes.dll
0x00007ffb25240000 - 0x00007ffb25331000 	C:\WINDOWS\System32\SHCORE.dll
0x00007ffb26a00000 - 0x00007ffb26a5e000 	C:\WINDOWS\System32\shlwapi.dll
0x00007ffb23ee0000 - 0x00007ffb23f01000 	C:\WINDOWS\SYSTEM32\profapi.dll
0x00007ffb0ea50000 - 0x00007ffb0ea69000 	C:\Users\Zakwa\.vscode\extensions\redhat.java-1.14.0-win32-x64\jre\17.0.5-win32-x86_64\bin\net.dll
0x00007ffb1bff0000 - 0x00007ffb1c11f000 	C:\WINDOWS\SYSTEM32\WINHTTP.dll
0x00007ffb23560000 - 0x00007ffb235c9000 	C:\WINDOWS\system32\mswsock.dll
0x00007ffaffd40000 - 0x00007ffaffd55000 	C:\Users\Zakwa\.vscode\extensions\redhat.java-1.14.0-win32-x64\jre\17.0.5-win32-x86_64\bin\nio.dll
0x00007ffb0ff70000 - 0x00007ffb0ff80000 	c:\Users\Zakwa\.vscode\extensions\redhat.java-1.14.0-win32-x64\jre\17.0.5-win32-x86_64\bin\verify.dll
0x00007ffb10370000 - 0x00007ffb103ae000 	C:\Users\Zakwa\AppData\Roaming\Code\User\globalStorage\redhat.java\1.14.0\config_ss_win\org.eclipse.equinox.launcher\org.eclipse.equinox.launcher.win32.win32.x86_64_1.2.700.v20221108-1024\eclipse_11801.dll
0x00007ffb256a0000 - 0x00007ffb2583c000 	C:\WINDOWS\System32\ole32.dll

dbghelp: loaded successfully - version: 4.0.5 - missing functions: none
symbol engine: initialized successfully - sym options: 0x614 - pdb path: .;c:\Users\Zakwa\.vscode\extensions\redhat.java-1.14.0-win32-x64\jre\17.0.5-win32-x86_64\bin;C:\WINDOWS\SYSTEM32;C:\WINDOWS\WinSxS\amd64_microsoft.windows.common-controls_6595b64144ccf1df_6.0.22621.608_none_a9444ca7c10bb01d;c:\Users\Zakwa\.vscode\extensions\redhat.java-1.14.0-win32-x64\jre\17.0.5-win32-x86_64\bin\server;C:\Users\Zakwa\AppData\Roaming\Code\User\globalStorage\redhat.java\1.14.0\config_ss_win\org.eclipse.equinox.launcher\org.eclipse.equinox.launcher.win32.win32.x86_64_1.2.700.v20221108-1024

VM Arguments:
jvm_args: --add-modules=ALL-SYSTEM --add-opens=java.base/java.util=ALL-UNNAMED --add-opens=java.base/java.lang=ALL-UNNAMED --add-opens=java.base/sun.nio.fs=ALL-UNNAMED -Declipse.application=org.eclipse.jdt.ls.core.id1 -Dosgi.bundles.defaultStartLevel=4 -Declipse.product=org.eclipse.jdt.ls.core.product -Djava.import.generatesMetadataFilesAtProjectRoot=false -Dfile.encoding=utf8 -XX:+UseParallelGC -XX:GCTimeRatio=4 -XX:AdaptiveSizePolicyWeight=90 -Dsun.zip.disableMemoryMapping=true -Xmx1G -Xms100m -Xlog:disable -javaagent:c:\Users\Zakwa\.vscode\extensions\redhat.java-1.14.0-win32-x64\lombok\lombok-1.18.24.jar 
java_command: c:\Users\Zakwa\.vscode\extensions\redhat.java-1.14.0-win32-x64\server\plugins\org.eclipse.equinox.launcher_1.6.400.v20210924-0641.jar -configuration c:\Users\Zakwa\AppData\Roaming\Code\User\globalStorage\redhat.java\1.14.0\config_ss_win -data c:\Users\Zakwa\AppData\Roaming\Code\User\workspaceStorage\e5cb3e9e8c8a4be622da22b1270d3149\redhat.java\ss_ws
java_class_path (initial): c:\Users\Zakwa\.vscode\extensions\redhat.java-1.14.0-win32-x64\server\plugins\org.eclipse.equinox.launcher_1.6.400.v20210924-0641.jar
Launcher Type: SUN_STANDARD

[Global flags]
    uintx AdaptiveSizePolicyWeight                 = 90                                        {product} {command line}
     intx CICompilerCount                          = 4                                         {product} {ergonomic}
    uintx GCTimeRatio                              = 4                                         {product} {command line}
   size_t InitialHeapSize                          = 104857600                                 {product} {command line}
   size_t MaxHeapSize                              = 1073741824                                {product} {command line}
   size_t MaxNewSize                               = 357564416                                 {product} {ergonomic}
   size_t MinHeapDeltaBytes                        = 524288                                    {product} {ergonomic}
   size_t MinHeapSize                              = 104857600                                 {product} {command line}
   size_t NewSize                                  = 34603008                                  {product} {ergonomic}
    uintx NonNMethodCodeHeapSize                   = 5839372                                {pd product} {ergonomic}
    uintx NonProfiledCodeHeapSize                  = 122909434                              {pd product} {ergonomic}
   size_t OldSize                                  = 70254592                                  {product} {ergonomic}
    uintx ProfiledCodeHeapSize                     = 122909434                              {pd product} {ergonomic}
    uintx ReservedCodeCacheSize                    = 251658240                              {pd product} {ergonomic}
     bool SegmentedCodeCache                       = true                                      {product} {ergonomic}
   size_t SoftMaxHeapSize                          = 1073741824                             {manageable} {ergonomic}
     bool UseCompressedClassPointers               = true                           {product lp64_product} {ergonomic}
     bool UseCompressedOops                        = true                           {product lp64_product} {ergonomic}
     bool UseLargePagesIndividualAllocation        = false                                  {pd product} {ergonomic}
     bool UseParallelGC                            = true                                      {product} {command line}

Logging:
Log output configuration:
 #0: stdout all=off uptime,level,tags
 #1: stderr all=off uptime,level,tags

Environment Variables:
PATH=C:\Program Files\Eclipse Adoptium\jdk-17.0.5.8-hotspot\bin;C:\oraclexe\app\oracle\product\11.2.0\server\bin;C:\Program Files (x86)\Intel\Intel(R) Management Engine Components\iCLS\;C:\Program Files\Intel\Intel(R) Management Engine Components\iCLS\;C:\Windows\system32;C:\Windows;C:\Windows\System32\Wbem;C:\Windows\System32\WindowsPowerShell\v1.0\;C:\Windows\System32\OpenSSH\;C:\Program Files (x86)\Intel\Intel(R) Management Engine Components\DAL;C:\Program Files\Intel\Intel(R) Management Engine Components\DAL;C:\Program Files\Intel\WiFi\bin\;C:\Program Files\Common Files\Intel\WirelessCommon\;C:\WINDOWS\system32;C:\WINDOWS;C:\WINDOWS\System32\Wbem;C:\WINDOWS\System32\WindowsPowerShell\v1.0\;C:\WINDOWS\System32\OpenSSH\;C:\Program Files (x86)\NVIDIA Corporation\PhysX\Common;C:\WINDOWS\system32;C:\WINDOWS;C:\WINDOWS\System32\Wbem;C:\WINDOWS\System32\WindowsPowerShell\v1.0\;C:\WINDOWS\System32\OpenSSH\;C:\PHP;C:\Program Files\Docker\Docker\resources\bin;C:\Program Files\Git\cmd;C:\Users\Zakwa\AppData\Local\Microsoft\WindowsApps;C:\Program Files\JetBrains\PhpStorm 2022.2.3\bin;;C:\Program Files\JetBrains\IntelliJ IDEA 2022.2.3\bin;;C:\Users\Zakwa\AppData\Local\Programs\Microsoft VS Code\bin;C:\Users\Zakwa\AppData\Local\GitHubDesktop\bin
USERNAME=Zakwa
OS=Windows_NT
PROCESSOR_IDENTIFIER=Intel64 Family 6 Model 142 Stepping 11, GenuineIntel
TMP=C:\Users\Zakwa\AppData\Local\Temp
TEMP=C:\Users\Zakwa\AppData\Local\Temp



---------------  S Y S T E M  ---------------

OS:
 Windows 11 , 64 bit Build 22621 (10.0.22621.1105)
OS uptime: 1 days 18:54 hours
Hyper-V role detected

CPU: total 8 (initial active 8) (4 cores per cpu, 2 threads per core) family 6 model 142 stepping 11 microcode 0xde, cx8, cmov, fxsr, ht, mmx, 3dnowpref, sse, sse2, sse3, ssse3, sse4.1, sse4.2, popcnt, lzcnt, tsc, tscinvbit, avx, avx2, aes, erms, clmul, bmi1, bmi2, adx, fma, vzeroupper, clflush, clflushopt, hv

Memory: 4k page, system-wide physical 8042M (358M free)
TotalPageFile size 32618M (AvailPageFile size 2M)
current process WorkingSet (physical memory assigned to process): 121M, peak: 121M
current process commit charge ("private bytes"): 227M, peak: 227M

vm_info: OpenJDK 64-Bit Server VM (17.0.5+8) for windows-amd64 JRE (17.0.5+8), built on Oct 19 2022 04:48:13 by "temurin" with MS VC++ 16.7 (VS2019)

END.
